{
  "name": "Searching for customer with a User ID \u0027chained@cloned\u0027",
  "id": "search-for-an-existing-customer-with-their-user-id;searching-for-customer-with-a-user-id--chained@cloned-",
  "testSteps": [
    {
      "number": 1,
      "description": "Given the Internal User is on ElavonConnect",
      "duration": 74769,
      "startTime": "2018-05-07T05:54:12.746+08:00[Asia/Singapore]",
      "result": "SUCCESS",
      "precondition": false,
      "children": [
        {
          "number": 2,
          "description": "Is on splash page",
          "duration": 74218,
          "startTime": "2018-05-07T05:54:13.293+08:00[Asia/Singapore]",
          "result": "SUCCESS",
          "precondition": false
        }
      ]
    },
    {
      "number": 3,
      "description": "And the Internal User signs in",
      "duration": 20396,
      "startTime": "2018-05-07T05:55:27.515+08:00[Asia/Singapore]",
      "exception": {
        "errorType": "net.thucydides.core.webdriver.exceptions.ElementShouldBeEnabledException",
        "message": "The following error occurred: Expected enabled element was not enabled\nBuild info: version: \u00273.11.0\u0027, revision: \u0027e59cfb3\u0027, time: \u00272018-03-11T20:26:55.152Z\u0027\nSystem info: host: \u0027DESKTOP-F5I4FID\u0027, ip: \u0027192.168.1.5\u0027, os.name: \u0027Windows 10\u0027, os.arch: \u0027amd64\u0027, os.version: \u002710.0\u0027, java.version: \u00271.8.0_172\u0027\nDriver info: driver.version: unknown",
        "stackTrace": [
          {
            "declaringClass": "com.elavon.ec_automation.pages.SplashPage",
            "methodName": "opens_sign_in_page",
            "fileName": "SplashPage.java",
            "lineNumber": 20
          },
          {
            "declaringClass": "com.elavon.ec_automation.steps.serenity.InternalUserSteps",
            "methodName": "signs_in",
            "fileName": "InternalUserSteps.java",
            "lineNumber": 26
          },
          {
            "declaringClass": "com.elavon.ec_automation.steps.DefinitionSteps",
            "methodName": "givenTheInternalUserSignsIn",
            "fileName": "DefinitionSteps.java",
            "lineNumber": 22
          },
          {
            "declaringClass": "cucumber.runner.Runner",
            "methodName": "runPickle",
            "fileName": "Runner.java",
            "lineNumber": 80
          }
        ]
      },
      "result": "FAILURE",
      "precondition": false,
      "children": [
        {
          "number": 4,
          "description": "Signs in",
          "duration": 20383,
          "startTime": "2018-05-07T05:55:27.516+08:00[Asia/Singapore]",
          "screenshots": [
            {
              "screenshot": "69b8330f1060f2b465f72e3d13d8008b6fc2137e524d74974b680289780c2554.png",
              "htmlSource": "pagesource8018248372850091022.html.txt"
            }
          ],
          "exception": {
            "errorType": "net.thucydides.core.webdriver.exceptions.ElementShouldBeEnabledException",
            "message": "The following error occurred: Expected enabled element was not enabled",
            "stackTrace": [
              {
                "declaringClass": "com.elavon.ec_automation.pages.SplashPage",
                "methodName": "opens_sign_in_page",
                "fileName": "SplashPage.java",
                "lineNumber": 20
              },
              {
                "declaringClass": "com.elavon.ec_automation.steps.serenity.InternalUserSteps",
                "methodName": "signs_in",
                "fileName": "InternalUserSteps.java",
                "lineNumber": 26
              },
              {
                "declaringClass": "com.elavon.ec_automation.steps.DefinitionSteps",
                "methodName": "givenTheInternalUserSignsIn",
                "fileName": "DefinitionSteps.java",
                "lineNumber": 22
              },
              {
                "declaringClass": "cucumber.runner.Runner",
                "methodName": "runPickle",
                "fileName": "Runner.java",
                "lineNumber": 80
              }
            ],
            "rootCause": {
              "errorType": "org.openqa.selenium.TimeoutException",
              "message": "Expected condition failed: waiting for SplashPage.signInButton to be enabled (tried for 10 second(s) with 100 milliseconds interval)",
              "stackTrace": [
                {
                  "declaringClass": "com.elavon.ec_automation.pages.SplashPage",
                  "methodName": "opens_sign_in_page",
                  "fileName": "SplashPage.java",
                  "lineNumber": 20
                },
                {
                  "declaringClass": "com.elavon.ec_automation.steps.serenity.InternalUserSteps",
                  "methodName": "signs_in",
                  "fileName": "InternalUserSteps.java",
                  "lineNumber": 26
                },
                {
                  "declaringClass": "com.elavon.ec_automation.steps.DefinitionSteps",
                  "methodName": "givenTheInternalUserSignsIn",
                  "fileName": "DefinitionSteps.java",
                  "lineNumber": 22
                },
                {
                  "declaringClass": "cucumber.runner.Runner",
                  "methodName": "runPickle",
                  "fileName": "Runner.java",
                  "lineNumber": 80
                }
              ],
              "rootCause": {
                "errorType": "org.openqa.selenium.NoSuchElementException",
                "message": "Timed out after 10 seconds. Element not found\nFor documentation on this error, please visit: http://seleniumhq.org/exceptions/no_such_element.html\nBuild info: version: \u00273.11.0\u0027, revision: \u0027e59cfb3\u0027, time: \u00272018-03-11T20:26:55.152Z\u0027\nSystem info: host: \u0027DESKTOP-F5I4FID\u0027, ip: \u0027192.168.1.5\u0027, os.name: \u0027Windows 10\u0027, os.arch: \u0027amd64\u0027, os.version: \u002710.0\u0027, java.version: \u00271.8.0_172\u0027\nDriver info: driver.version: unknown",
                "stackTrace": [
                  {
                    "declaringClass": "com.elavon.ec_automation.pages.SplashPage",
                    "methodName": "opens_sign_in_page",
                    "fileName": "SplashPage.java",
                    "lineNumber": 20
                  },
                  {
                    "declaringClass": "com.elavon.ec_automation.steps.serenity.InternalUserSteps",
                    "methodName": "signs_in",
                    "fileName": "InternalUserSteps.java",
                    "lineNumber": 26
                  },
                  {
                    "declaringClass": "com.elavon.ec_automation.steps.DefinitionSteps",
                    "methodName": "givenTheInternalUserSignsIn",
                    "fileName": "DefinitionSteps.java",
                    "lineNumber": 22
                  },
                  {
                    "declaringClass": "cucumber.runner.Runner",
                    "methodName": "runPickle",
                    "fileName": "Runner.java",
                    "lineNumber": 80
                  }
                ]
              }
            }
          },
          "result": "FAILURE",
          "precondition": false
        }
      ]
    },
    {
      "number": 5,
      "description": "When the Internal User searches for a customer with a User ID \u0027chained@cloned\u0027",
      "duration": 2,
      "startTime": "2018-05-07T05:55:47.911+08:00[Asia/Singapore]",
      "result": "SKIPPED",
      "precondition": false
    },
    {
      "number": 6,
      "description": "Then the Internal User should see a Customer User ID \u0027chained@cloned\u0027",
      "duration": 8,
      "startTime": "2018-05-07T05:55:47.913+08:00[Asia/Singapore]",
      "result": "SKIPPED",
      "precondition": false
    }
  ],
  "userStory": {
    "id": "search-for-an-existing-customer-with-their-user-id",
    "storyName": "Search for an existing customer with their User ID",
    "path": "src/test/resources/features/consult_dictionary/SearchACustomer.feature",
    "narrative": "  In order to manage existing customers\n  As an Internal User\n  I want to search for specific customers using their User IDs",
    "type": "feature"
  },
  "featureTag": {
    "name": "Consult dictionary/Search for an existing customer with their User ID",
    "type": "feature"
  },
  "title": "Searching for customer with a User ID \u0027chained@cloned\u0027",
  "tags": [
    {
      "name": "Consult dictionary",
      "type": "capability"
    },
    {
      "name": "Consult dictionary/Search for an existing customer with their user id",
      "type": "feature"
    }
  ],
  "startTime": "2018-05-07T05:54:12.394+08:00[Asia/Singapore]",
  "duration": 96936,
  "testFailureCause": {
    "errorType": "net.thucydides.core.webdriver.exceptions.ElementShouldBeEnabledException",
    "message": "The following error occurred: Expected enabled element was not enabled",
    "stackTrace": [
      {
        "declaringClass": "com.elavon.ec_automation.pages.SplashPage",
        "methodName": "opens_sign_in_page",
        "fileName": "SplashPage.java",
        "lineNumber": 20
      },
      {
        "declaringClass": "com.elavon.ec_automation.steps.serenity.InternalUserSteps",
        "methodName": "signs_in",
        "fileName": "InternalUserSteps.java",
        "lineNumber": 26
      },
      {
        "declaringClass": "com.elavon.ec_automation.steps.DefinitionSteps",
        "methodName": "givenTheInternalUserSignsIn",
        "fileName": "DefinitionSteps.java",
        "lineNumber": 22
      },
      {
        "declaringClass": "cucumber.runner.Runner",
        "methodName": "runPickle",
        "fileName": "Runner.java",
        "lineNumber": 80
      }
    ],
    "rootCause": {
      "errorType": "org.openqa.selenium.TimeoutException",
      "message": "Expected condition failed: waiting for SplashPage.signInButton to be enabled (tried for 10 second(s) with 100 milliseconds interval)",
      "stackTrace": [
        {
          "declaringClass": "com.elavon.ec_automation.pages.SplashPage",
          "methodName": "opens_sign_in_page",
          "fileName": "SplashPage.java",
          "lineNumber": 20
        },
        {
          "declaringClass": "com.elavon.ec_automation.steps.serenity.InternalUserSteps",
          "methodName": "signs_in",
          "fileName": "InternalUserSteps.java",
          "lineNumber": 26
        },
        {
          "declaringClass": "com.elavon.ec_automation.steps.DefinitionSteps",
          "methodName": "givenTheInternalUserSignsIn",
          "fileName": "DefinitionSteps.java",
          "lineNumber": 22
        },
        {
          "declaringClass": "cucumber.runner.Runner",
          "methodName": "runPickle",
          "fileName": "Runner.java",
          "lineNumber": 80
        }
      ],
      "rootCause": {
        "errorType": "org.openqa.selenium.NoSuchElementException",
        "message": "Timed out after 10 seconds. Element not found\nFor documentation on this error, please visit: http://seleniumhq.org/exceptions/no_such_element.html\nBuild info: version: \u00273.11.0\u0027, revision: \u0027e59cfb3\u0027, time: \u00272018-03-11T20:26:55.152Z\u0027\nSystem info: host: \u0027DESKTOP-F5I4FID\u0027, ip: \u0027192.168.1.5\u0027, os.name: \u0027Windows 10\u0027, os.arch: \u0027amd64\u0027, os.version: \u002710.0\u0027, java.version: \u00271.8.0_172\u0027\nDriver info: driver.version: unknown",
        "stackTrace": [
          {
            "declaringClass": "com.elavon.ec_automation.pages.SplashPage",
            "methodName": "opens_sign_in_page",
            "fileName": "SplashPage.java",
            "lineNumber": 20
          },
          {
            "declaringClass": "com.elavon.ec_automation.steps.serenity.InternalUserSteps",
            "methodName": "signs_in",
            "fileName": "InternalUserSteps.java",
            "lineNumber": 26
          },
          {
            "declaringClass": "com.elavon.ec_automation.steps.DefinitionSteps",
            "methodName": "givenTheInternalUserSignsIn",
            "fileName": "DefinitionSteps.java",
            "lineNumber": 22
          },
          {
            "declaringClass": "cucumber.runner.Runner",
            "methodName": "runPickle",
            "fileName": "Runner.java",
            "lineNumber": 80
          }
        ]
      }
    }
  },
  "testFailureClassname": "net.thucydides.core.webdriver.exceptions.ElementShouldBeEnabledException",
  "testFailureMessage": "The following error occurred: Expected enabled element was not enabled",
  "testFailureSummary": "FAILURE;net.thucydides.core.webdriver.exceptions.ElementShouldBeEnabledException;The following error occurred: Expected enabled element was not enabled;SplashPage.java",
  "projectKey": "",
  "annotatedResult": "FAILURE",
  "sessionId": "4c31c2b1-3fc2-46ef-be94-4500c844c1a7",
  "driver": "firefox",
  "manual": false,
  "testSource": "Cucumber",
  "result": "FAILURE"
}